<?xml version="1.0" encoding="UTF-8" ?>
<testsuite tests="2" failures="0" name="com.TechM.poc.service_renewal.ProcessUnitTest" time="1.209" errors="0" skipped="0">
  <properties>
    <property name="java.runtime.name" value="Java(TM) SE Runtime Environment"/>
    <property name="sun.boot.library.path" value="C:\Program Files\Java\jre1.8.0_231\bin"/>
    <property name="java.vm.version" value="25.231-b11"/>
    <property name="java.vm.vendor" value="Oracle Corporation"/>
    <property name="maven.multiModuleProjectDirectory" value="E:\Code\Telefonica\service-renewal"/>
    <property name="java.vendor.url" value="http://java.oracle.com/"/>
    <property name="path.separator" value=";"/>
    <property name="guice.disable.misplaced.annotation.check" value="true"/>
    <property name="java.vm.name" value="Java HotSpot(TM) 64-Bit Server VM"/>
    <property name="file.encoding.pkg" value="sun.io"/>
    <property name="user.script" value=""/>
    <property name="user.country" value="US"/>
    <property name="sun.java.launcher" value="SUN_STANDARD"/>
    <property name="sun.os.patch.level" value=""/>
    <property name="java.vm.specification.name" value="Java Virtual Machine Specification"/>
    <property name="user.dir" value="E:\Code\Telefonica\service-renewal"/>
    <property name="java.runtime.version" value="1.8.0_231-b11"/>
    <property name="java.awt.graphicsenv" value="sun.awt.Win32GraphicsEnvironment"/>
    <property name="java.endorsed.dirs" value="C:\Program Files\Java\jre1.8.0_231\lib\endorsed"/>
    <property name="os.arch" value="amd64"/>
    <property name="java.io.tmpdir" value="C:\Users\Anand\AppData\Local\Temp\"/>
    <property name="line.separator" value="
"/>
    <property name="java.vm.specification.vendor" value="Oracle Corporation"/>
    <property name="user.variant" value=""/>
    <property name="os.name" value="Windows 10"/>
    <property name="classworlds.conf" value="E:\Code\Telefonica\.metadata\.plugins\org.eclipse.m2e.launching\launches\m2conf3460252365417654990.tmp"/>
    <property name="sun.jnu.encoding" value="Cp1252"/>
    <property name="java.library.path" value="C:\Program Files\Java\jre1.8.0_231\bin;C:\Windows\Sun\Java\bin;C:\Windows\system32;C:\Windows;C:/Program Files/Java/jre1.8.0_231/bin/server;C:/Program Files/Java/jre1.8.0_231/bin;C:/Program Files/Java/jre1.8.0_231/lib/amd64;C:\Program Files (x86)\Common Files\Oracle\Java\javapath;C:\Windows\system32;C:\Windows;C:\Windows\System32\Wbem;C:\Windows\System32\WindowsPowerShell\v1.0\;C:\Windows\System32\OpenSSH\;C:\Program Files\nodejs\;E:\Work\Softwares\VS code\VSCode-win32-x64-1.39.2\;C:\softwares\apache-maven-3.6.2-bin\apache-maven-3.6.2\bin;C:\softwares\mysql-8.0.18-winx64\bin;C:\Program Files\Microsoft SQL Server\130\Tools\Binn\;C:\Program Files\dotnet\;C:\Program Files\PuTTY\;C:\Program Files\Git\cmd;C:\Program Files\Microsoft SQL Server\Client SDK\ODBC\170\Tools\Binn\;C:\Program Files (x86)\dotnet\;C:\Users\Anand\AppData\Local\Programs\Python\Python37\Scripts\;C:\Users\Anand\AppData\Local\Programs\Python\Python37\;D:\Tools\Python3.8\Scripts\;D:\Tools\Python3.8\;C:\Users\Anand\AppData\Local\Microsoft\WindowsApps;C:\Users\Anand\AppData\Roaming\npm;E:\Work\Softwares\VS code\VSCode-win32-x64-1.39.2\;C:\softwares\apache-maven-3.6.2-bin\apache-maven-3.6.2\bin;C:\softwares\mysql-8.0.18-winx64\bin;C:\Users\Anand\.dotnet\tools;C:\Users\Anand\Desktop;;."/>
    <property name="java.specification.name" value="Java Platform API Specification"/>
    <property name="java.class.version" value="52.0"/>
    <property name="sun.management.compiler" value="HotSpot 64-Bit Tiered Compilers"/>
    <property name="os.version" value="10.0"/>
    <property name="user.home" value="C:\Users\Anand"/>
    <property name="user.timezone" value="Asia/Calcutta"/>
    <property name="java.awt.printerjob" value="sun.awt.windows.WPrinterJob"/>
    <property name="java.specification.version" value="1.8"/>
    <property name="file.encoding" value="Cp1252"/>
    <property name="user.name" value="Anand"/>
    <property name="java.class.path" value="C:\Users\Anand\.p2\pool\plugins\org.eclipse.m2e.maven.runtime_1.16.0.20200610-1735\jars\plexus-classworlds-2.6.0.jar"/>
    <property name="java.vm.specification.version" value="1.8"/>
    <property name="sun.arch.data.model" value="64"/>
    <property name="java.home" value="C:\Program Files\Java\jre1.8.0_231"/>
    <property name="sun.java.command" value="org.codehaus.plexus.classworlds.launcher.Launcher -B install"/>
    <property name="java.specification.vendor" value="Oracle Corporation"/>
    <property name="user.language" value="en"/>
    <property name="awt.toolkit" value="sun.awt.windows.WToolkit"/>
    <property name="java.vm.info" value="mixed mode"/>
    <property name="java.version" value="1.8.0_231"/>
    <property name="java.ext.dirs" value="C:\Program Files\Java\jre1.8.0_231\lib\ext;C:\Windows\Sun\Java\lib\ext"/>
    <property name="sun.boot.class.path" value="C:\Program Files\Java\jre1.8.0_231\lib\resources.jar;C:\Program Files\Java\jre1.8.0_231\lib\rt.jar;C:\Program Files\Java\jre1.8.0_231\lib\sunrsasign.jar;C:\Program Files\Java\jre1.8.0_231\lib\jsse.jar;C:\Program Files\Java\jre1.8.0_231\lib\jce.jar;C:\Program Files\Java\jre1.8.0_231\lib\charsets.jar;C:\Program Files\Java\jre1.8.0_231\lib\jfr.jar;C:\Program Files\Java\jre1.8.0_231\classes"/>
    <property name="java.vendor" value="Oracle Corporation"/>
    <property name="maven.home" value="E:\Code\Telefonica\service-renewal\EMBEDDED"/>
    <property name="file.separator" value="\"/>
    <property name="java.vendor.url.bug" value="http://bugreport.sun.com/bugreport/"/>
    <property name="sun.cpu.endian" value="little"/>
    <property name="sun.io.unicode.encoding" value="UnicodeLittle"/>
    <property name="sun.desktop" value="windows"/>
    <property name="sun.cpu.isalist" value="amd64"/>
  </properties>
  <testcase classname="com.TechM.poc.service_renewal.ProcessUnitTest" name="testParsingAndDeployment" time="1.15"/>
  <testcase classname="com.TechM.poc.service_renewal.ProcessUnitTest" name="testHappyPath" time="0.059"/>
</testsuite>